17:05:54.065 [main] INFO  com.p360.projectUtility.FindThreeDotBasedOnSearchKeyAndClick - findThreedActionButtonAndClick method called and Caller method name: findMovementFromRowListAndClickOnThreeDot
17:05:54.080 [main] INFO  com.p360.projectUtility.FindThreeDotBasedOnSearchKeyAndClick - wantToClickOnThreeDot: true
17:05:54.080 [main] INFO  com.p360.projectUtility.FindThreeDotBasedOnSearchKeyAndClick - wantToclickOnFindSearckKey: false
17:05:54.662 [main] INFO  com.p360.projectUtility.FindThreeDotBasedOnSearchKeyAndClick - formatText: WESTWOOK MOVEMENT CONCEPCION
17:05:54.988 [main] INFO  com.p360.projectUtility.FindThreeDotBasedOnSearchKeyAndClick - Given value matched with the list value: WESTWOOK MOVEMENT CONCEPCION
17:05:55.039 [main] INFO  com.p360.projectUtility.FindThreeDotBasedOnSearchKeyAndClick - Clicked on the three dot option button
17:05:55.473 [main] INFO  com.p360.Actions.Action_Deactivate - Action_Deactivate caller method name: deactivateMovement
17:05:55.507 [main] INFO  com.p360.Actions.Action_Deactivate - Is Deactivate button displayed and enabled: true
17:05:55.507 [main] INFO  com.p360.Actions.Action_Deactivate - btnDeactivate_address:- (//*[normalize-space(text())='Deactivate'])[1]
17:05:55.507 [main] INFO  com.p360.Actions.Action_Deactivate - rowListCount: 1
17:05:55.978 [main] INFO  com.p360.Actions.Action_Deactivate - Clicked on Deactivate action button present under three dot
17:05:58.129 [main] INFO  com.p360.Actions.Action_Deactivate - Exception from Action_Deactivate: element click intercepted: Element <div class="flex flex-1  text-sm lg:text-base">...</div> is not clickable at point (772, 350). Other element would receive the click: <div class="MuiDialogContent-root">...</div>
  (Session info: chrome=117.0.5938.132)
Build info: version: '4.11.0', revision: '040bc5406b'
System info: os.name: 'Windows 11', os.arch: 'amd64', os.version: '10.0', java.version: '17.0.7'
Driver info: org.openqa.selenium.chrome.ChromeDriver
Command: [2a0765ff95218f17ee86f7bdeec9f150, clickElement {id=A9BFFBC90E5D513E12BBA4B35E862414_element_609}]
Capabilities {acceptInsecureCerts: false, browserName: chrome, browserVersion: 117.0.5938.132, chrome: {chromedriverVersion: 117.0.5938.92 (67649b10b92b..., userDataDir: C:\Users\JKL-MA~1\AppData\L...}, fedcm:accounts: true, goog:chromeOptions: {debuggerAddress: localhost:55723}, networkConnectionEnabled: false, pageLoadStrategy: normal, platformName: windows, proxy: Proxy(), se:cdp: ws://localhost:55723/devtoo..., se:cdpVersion: 117.0.5938.132, setWindowRect: true, strictFileInteractability: false, timeouts: {implicit: 0, pageLoad: 300000, script: 30000}, unhandledPromptBehavior: dismiss and notify, webauthn:extension:credBlob: true, webauthn:extension:largeBlob: true, webauthn:extension:minPinLength: true, webauthn:extension:prf: true, webauthn:virtualAuthenticators: true}
Element: [[ChromeDriver: chrome on windows (2a0765ff95218f17ee86f7bdeec9f150)] -> xpath: //*[normalize-space()='Yes']]
Session ID: 2a0765ff95218f17ee86f7bdeec9f150
17:05:59.684 [main] INFO  com.p360.Main.pageObject.PO_Main_HomePage - Method called: AdminLogout
17:06:00.768 [main] INFO  com.p360.Main.pageObject.PO_Main_HomePage - Logout Exception: element click intercepted: Element <span class="jss28 Cmt-nav-text">...</span> is not clickable at point (146, 185). Other element would receive the click: <div class="MuiDialog-container MuiDialog-scrollPaper" role="none presentation" tabindex="-1" style="opacity: 1; transition: opacity 225ms cubic-bezier(0.4, 0, 0.2, 1) 0ms;">...</div>
  (Session info: chrome=117.0.5938.132)
Build info: version: '4.11.0', revision: '040bc5406b'
System info: os.name: 'Windows 11', os.arch: 'amd64', os.version: '10.0', java.version: '17.0.7'
Driver info: org.openqa.selenium.chrome.ChromeDriver
Command: [2a0765ff95218f17ee86f7bdeec9f150, clickElement {id=A9BFFBC90E5D513E12BBA4B35E862414_element_610}]
Capabilities {acceptInsecureCerts: false, browserName: chrome, browserVersion: 117.0.5938.132, chrome: {chromedriverVersion: 117.0.5938.92 (67649b10b92b..., userDataDir: C:\Users\JKL-MA~1\AppData\L...}, fedcm:accounts: true, goog:chromeOptions: {debuggerAddress: localhost:55723}, networkConnectionEnabled: false, pageLoadStrategy: normal, platformName: windows, proxy: Proxy(), se:cdp: ws://localhost:55723/devtoo..., se:cdpVersion: 117.0.5938.132, setWindowRect: true, strictFileInteractability: false, timeouts: {implicit: 0, pageLoad: 300000, script: 30000}, unhandledPromptBehavior: dismiss and notify, webauthn:extension:credBlob: true, webauthn:extension:largeBlob: true, webauthn:extension:minPinLength: true, webauthn:extension:prf: true, webauthn:virtualAuthenticators: true}
Element: [[ChromeDriver: chrome on windows (2a0765ff95218f17ee86f7bdeec9f150)] -> xpath: //span[normalize-space()='Dashboard']]
Session ID: 2a0765ff95218f17ee86f7bdeec9f150
17:06:01.175 [main] INFO  com.p360.Main.testCases.TC_Main_Movements - Driver shutdown
17:10:04.342 [main] INFO  com.p360.Main.testCases.TC_Main_Movements - Base class started...
17:10:06.409 [main] INFO  com.p360.Main.testCases.TC_Main_Movements - Chrome driver selected
17:10:07.226 [main] INFO  com.p360.Main.testCases.TC_Main_Movements - Login page started
17:10:07.354 [main] INFO  com.p360.Main.testCases.TC_Main_Movements - Maximize the window
17:10:07.455 [main] INFO  com.p360.Main.testCases.TC_Main_Movements - Login user Email: anup@hypertrends.com  and Password: Tester123!
17:10:07.455 [main] INFO  com.p360.pageObject.PO_LoginPage - Method called Login: AdminLogin
17:10:07.548 [main] INFO  com.p360.pageObject.PO_LoginPage - clicked on Sign In button
17:10:12.674 [main] INFO  com.p360.pageObject.PO_LoginPage - Enteterd email
17:10:13.338 [main] INFO  com.p360.pageObject.PO_LoginPage - Entered password
17:10:13.655 [main] INFO  com.p360.pageObject.PO_LoginPage - clicke on login submit button
17:10:20.611 [main] INFO  com.p360.pageObject.PO_LoginPage - ...LOGIN DONE...
17:10:23.750 [main] INFO  com.p360.Main.pageObject.PO_Main_HomePage - clickOntabDashboard 
17:10:26.851 [main] INFO  com.p360.Main.pageObject.PO_Main_HomePage - clickOntabMovement 
17:10:31.961 [main] INFO  com.p360.Main.pageObject.PO_Main_MovementsPage - Clicked on the btnMovementListing
17:10:34.460 [main] INFO  com.p360.ReUseAble.PageObject.ReUseAbleElement - Searched the search keys in the search box: WESTWOOK MOVEMENT CONCEPCION
17:10:43.544 [main] INFO  com.p360.Main.pageObject.PO_Main_MovementsPage - Searched Movement is matched with the applied fileter
17:10:43.544 [main] INFO  com.p360.Main.pageObject.PO_Main_MovementsPage - Exception from : invalid selector: Unable to locate an element with the xpath expression //*[.='No Movements Matches Current Filter because of the following error:
SyntaxError: Failed to execute 'evaluate' on 'Document': The string '//*[.='No Movements Matches Current Filter' is not a valid XPath expression.
  (Session info: chrome=117.0.5938.132)
For documentation on this error, please visit: https://www.selenium.dev/documentation/webdriver/troubleshooting/errors#invalid-selector-exception
Build info: version: '4.11.0', revision: '040bc5406b'
System info: os.name: 'Windows 11', os.arch: 'amd64', os.version: '10.0', java.version: '17.0.7'
Driver info: org.openqa.selenium.chrome.ChromeDriver
Command: [7e2ef23f0f30f47a8d4f26c6524154a9, findElement {using=xpath, value=//*[.='No Movements Matches Current Filter}]
Capabilities {acceptInsecureCerts: false, browserName: chrome, browserVersion: 117.0.5938.132, chrome: {chromedriverVersion: 117.0.5938.92 (67649b10b92b..., userDataDir: C:\Users\JKL-MA~1\AppData\L...}, fedcm:accounts: true, goog:chromeOptions: {debuggerAddress: localhost:55929}, networkConnectionEnabled: false, pageLoadStrategy: normal, platformName: windows, proxy: Proxy(), se:cdp: ws://localhost:55929/devtoo..., se:cdpVersion: 117.0.5938.132, setWindowRect: true, strictFileInteractability: false, timeouts: {implicit: 0, pageLoad: 300000, script: 30000}, unhandledPromptBehavior: dismiss and notify, webauthn:extension:credBlob: true, webauthn:extension:largeBlob: true, webauthn:extension:minPinLength: true, webauthn:extension:prf: true, webauthn:virtualAuthenticators: true}
Session ID: 7e2ef23f0f30f47a8d4f26c6524154a9
17:10:45.555 [main] INFO  com.p360.projectUtility.FindThreeDotBasedOnSearchKeyAndClick - findThreedActionButtonAndClick method called and Caller method name: findMovementFromRowListAndClickOnThreeDot
17:10:45.555 [main] INFO  com.p360.projectUtility.FindThreeDotBasedOnSearchKeyAndClick - wantToClickOnThreeDot: true
17:10:45.555 [main] INFO  com.p360.projectUtility.FindThreeDotBasedOnSearchKeyAndClick - wantToclickOnFindSearckKey: false
17:10:46.153 [main] INFO  com.p360.projectUtility.FindThreeDotBasedOnSearchKeyAndClick - formatText: WESTWOOK MOVEMENT CONCEPCION
17:10:46.525 [main] INFO  com.p360.projectUtility.FindThreeDotBasedOnSearchKeyAndClick - Given value matched with the list value: WESTWOOK MOVEMENT CONCEPCION
17:10:46.596 [main] INFO  com.p360.projectUtility.FindThreeDotBasedOnSearchKeyAndClick - Clicked on the three dot option button
17:10:47.001 [main] INFO  com.p360.Actions.Action_Deactivate - Action_Deactivate caller method name: deactivateMovement
17:10:47.094 [main] INFO  com.p360.Actions.Action_Deactivate - Is Deactivate button displayed and enabled: true
17:10:47.094 [main] INFO  com.p360.Actions.Action_Deactivate - btnDeactivate_address:- (//*[normalize-space(text())='Deactivate'])[1]
17:10:47.094 [main] INFO  com.p360.Actions.Action_Deactivate - rowListCount: 1
17:10:47.603 [main] INFO  com.p360.Actions.Action_Deactivate - Clicked on Deactivate action button present under three dot
17:10:48.748 [main] INFO  com.p360.ReUseAble.PageObject.ReUseAbleElement - Clicked on the Yes button
17:10:49.531 [main] INFO  com.p360.ReUseAble.PageObject.ReUseAbleElement - Checking alert on intervel of 150 milliSeconds and loop count is: 83
17:10:49.531 [main] INFO  com.p360.ReUseAble.PageObject.ReUseAbleElement - Alert message is displayed: true
17:10:49.556 [main] INFO  com.p360.ReUseAble.PageObject.ReUseAbleElement - ===>>> Alert Message Content: Status Changed Successfully.
17:10:50.067 [main] INFO  com.p360.ReUseAble.PageObject.ReUseAbleElement - Alert not cought exception: no such element: Unable to locate element: {"method":"xpath","selector":"//div[@role="alert"]"}
  (Session info: chrome=117.0.5938.132)
For documentation on this error, please visit: https://www.selenium.dev/documentation/webdriver/troubleshooting/errors#no-such-element-exception
Build info: version: '4.11.0', revision: '040bc5406b'
System info: os.name: 'Windows 11', os.arch: 'amd64', os.version: '10.0', java.version: '17.0.7'
Driver info: org.openqa.selenium.chrome.ChromeDriver
Command: [7e2ef23f0f30f47a8d4f26c6524154a9, findElement {using=xpath, value=//div[@role="alert"]}]
Capabilities {acceptInsecureCerts: false, browserName: chrome, browserVersion: 117.0.5938.132, chrome: {chromedriverVersion: 117.0.5938.92 (67649b10b92b..., userDataDir: C:\Users\JKL-MA~1\AppData\L...}, fedcm:accounts: true, goog:chromeOptions: {debuggerAddress: localhost:55929}, networkConnectionEnabled: false, pageLoadStrategy: normal, platformName: windows, proxy: Proxy(), se:cdp: ws://localhost:55929/devtoo..., se:cdpVersion: 117.0.5938.132, setWindowRect: true, strictFileInteractability: false, timeouts: {implicit: 0, pageLoad: 300000, script: 30000}, unhandledPromptBehavior: dismiss and notify, webauthn:extension:credBlob: true, webauthn:extension:largeBlob: true, webauthn:extension:minPinLength: true, webauthn:extension:prf: true, webauthn:virtualAuthenticators: true}
Session ID: 7e2ef23f0f30f47a8d4f26c6524154a9
17:10:52.069 [main] INFO  com.p360.Actions.Action_Deactivate - ===>>> Status Changed Successfully.
17:10:55.297 [main] INFO  com.p360.Main.pageObject.PO_Main_HomePage - clickOntabDashboard 
17:10:58.540 [main] INFO  com.p360.Main.pageObject.PO_Main_HomePage - clickOntabMovement 
17:11:03.655 [main] INFO  com.p360.Main.pageObject.PO_Main_MovementsPage - Clicked on the btnMovementListing
17:11:06.073 [main] INFO  com.p360.ReUseAble.PageObject.ReUseAbleElement - Searched the search keys in the search box: WESTWOOK MOVEMENT CONCEPCION
17:11:15.155 [main] INFO  com.p360.Main.pageObject.PO_Main_MovementsPage - Searched Movement is matched with the applied fileter
17:11:15.155 [main] INFO  com.p360.Main.pageObject.PO_Main_MovementsPage - Exception from : invalid selector: Unable to locate an element with the xpath expression //*[.='No Movements Matches Current Filter because of the following error:
SyntaxError: Failed to execute 'evaluate' on 'Document': The string '//*[.='No Movements Matches Current Filter' is not a valid XPath expression.
  (Session info: chrome=117.0.5938.132)
For documentation on this error, please visit: https://www.selenium.dev/documentation/webdriver/troubleshooting/errors#invalid-selector-exception
Build info: version: '4.11.0', revision: '040bc5406b'
System info: os.name: 'Windows 11', os.arch: 'amd64', os.version: '10.0', java.version: '17.0.7'
Driver info: org.openqa.selenium.chrome.ChromeDriver
Command: [7e2ef23f0f30f47a8d4f26c6524154a9, findElement {using=xpath, value=//*[.='No Movements Matches Current Filter}]
Capabilities {acceptInsecureCerts: false, browserName: chrome, browserVersion: 117.0.5938.132, chrome: {chromedriverVersion: 117.0.5938.92 (67649b10b92b..., userDataDir: C:\Users\JKL-MA~1\AppData\L...}, fedcm:accounts: true, goog:chromeOptions: {debuggerAddress: localhost:55929}, networkConnectionEnabled: false, pageLoadStrategy: normal, platformName: windows, proxy: Proxy(), se:cdp: ws://localhost:55929/devtoo..., se:cdpVersion: 117.0.5938.132, setWindowRect: true, strictFileInteractability: false, timeouts: {implicit: 0, pageLoad: 300000, script: 30000}, unhandledPromptBehavior: dismiss and notify, webauthn:extension:credBlob: true, webauthn:extension:largeBlob: true, webauthn:extension:minPinLength: true, webauthn:extension:prf: true, webauthn:virtualAuthenticators: true}
Session ID: 7e2ef23f0f30f47a8d4f26c6524154a9
17:11:17.164 [main] INFO  com.p360.projectUtility.FindThreeDotBasedOnSearchKeyAndClick - findThreedActionButtonAndClick method called and Caller method name: findMovementFromRowListAndClickOnThreeDot
17:11:17.164 [main] INFO  com.p360.projectUtility.FindThreeDotBasedOnSearchKeyAndClick - wantToClickOnThreeDot: true
17:11:17.164 [main] INFO  com.p360.projectUtility.FindThreeDotBasedOnSearchKeyAndClick - wantToclickOnFindSearckKey: false
17:11:17.759 [main] INFO  com.p360.projectUtility.FindThreeDotBasedOnSearchKeyAndClick - formatText: WESTWOOK MOVEMENT CONCEPCION
17:11:18.126 [main] INFO  com.p360.projectUtility.FindThreeDotBasedOnSearchKeyAndClick - Given value matched with the list value: WESTWOOK MOVEMENT CONCEPCION
17:11:18.197 [main] INFO  com.p360.projectUtility.FindThreeDotBasedOnSearchKeyAndClick - Clicked on the three dot option button
17:11:18.615 [main] INFO  com.p360.Actions.Action_Activate - Action_Activate caller method name: activateMovement
17:11:18.673 [main] INFO  com.p360.Actions.Action_Activate - Is Activate button displayed and enabled: true
17:11:18.673 [main] INFO  com.p360.Actions.Action_Activate - btnActivate_address:- (//*[normalize-space(text())='Activate'])[1]
17:11:18.673 [main] INFO  com.p360.Actions.Action_Activate - rowListCount: 1
17:11:19.138 [main] INFO  com.p360.Actions.Action_Activate - Clicked on Activate action button present under three dot
17:11:20.274 [main] INFO  com.p360.ReUseAble.PageObject.ReUseAbleElement - Clicked on the Yes button
17:11:21.058 [main] INFO  com.p360.ReUseAble.PageObject.ReUseAbleElement - Checking alert on intervel of 150 milliSeconds and loop count is: 82
17:11:21.058 [main] INFO  com.p360.ReUseAble.PageObject.ReUseAbleElement - Alert message is displayed: true
17:11:21.074 [main] INFO  com.p360.ReUseAble.PageObject.ReUseAbleElement - ===>>> Alert Message Content: Status Changed Successfully.
17:11:21.598 [main] INFO  com.p360.ReUseAble.PageObject.ReUseAbleElement - Alert not cought exception: no such element: Unable to locate element: {"method":"xpath","selector":"//div[@role="alert"]"}
  (Session info: chrome=117.0.5938.132)
For documentation on this error, please visit: https://www.selenium.dev/documentation/webdriver/troubleshooting/errors#no-such-element-exception
Build info: version: '4.11.0', revision: '040bc5406b'
System info: os.name: 'Windows 11', os.arch: 'amd64', os.version: '10.0', java.version: '17.0.7'
Driver info: org.openqa.selenium.chrome.ChromeDriver
Command: [7e2ef23f0f30f47a8d4f26c6524154a9, findElement {using=xpath, value=//div[@role="alert"]}]
Capabilities {acceptInsecureCerts: false, browserName: chrome, browserVersion: 117.0.5938.132, chrome: {chromedriverVersion: 117.0.5938.92 (67649b10b92b..., userDataDir: C:\Users\JKL-MA~1\AppData\L...}, fedcm:accounts: true, goog:chromeOptions: {debuggerAddress: localhost:55929}, networkConnectionEnabled: false, pageLoadStrategy: normal, platformName: windows, proxy: Proxy(), se:cdp: ws://localhost:55929/devtoo..., se:cdpVersion: 117.0.5938.132, setWindowRect: true, strictFileInteractability: false, timeouts: {implicit: 0, pageLoad: 300000, script: 30000}, unhandledPromptBehavior: dismiss and notify, webauthn:extension:credBlob: true, webauthn:extension:largeBlob: true, webauthn:extension:minPinLength: true, webauthn:extension:prf: true, webauthn:virtualAuthenticators: true}
Session ID: 7e2ef23f0f30f47a8d4f26c6524154a9
17:11:23.609 [main] INFO  com.p360.Actions.Action_Activate - ===>>> Status Changed Successfully.
17:11:23.609 [main] INFO  com.p360.Main.pageObject.PO_Main_HomePage - Method called: AdminLogout
17:11:26.792 [main] INFO  com.p360.ReUseAble.PageObject.ReUseAbleElement - Clicked on the Menu Dashboard
17:11:27.395 [main] INFO  com.p360.Main.pageObject.PO_Main_HomePage - Clicked on the User name text 
17:11:32.280 [main] INFO  com.p360.Main.pageObject.PO_Main_HomePage - Clicked on the Logout button 
17:11:32.854 [main] INFO  com.p360.Main.pageObject.PO_Main_HomePage - ... LOGOUT DONE ...
17:11:33.309 [main] INFO  com.p360.Main.testCases.TC_Main_Movements - Driver shutdown
